#
# A fatal error has been detected by the Java Runtime Environment:
#
#  EXCEPTION_ACCESS_VIOLATION (0xc0000005) at pc=0x0000000060538845, pid=7856, tid=2136
#
# JRE version: Java(TM) SE Runtime Environment (8.0_60-b27) (build 1.8.0_60-b27)
# Java VM: Java HotSpot(TM) 64-Bit Server VM (25.60-b23 mixed mode windows-amd64 compressed oops)
# Problematic frame:
# V  [jvm.dll+0x128845]
#
# Failed to write core dump. Minidumps are not enabled by default on client versions of Windows
#
# If you would like to submit a bug report, please visit:
#   http://bugreport.java.com/bugreport/crash.jsp
#

---------------  T H R E A D  ---------------

Current thread (0x00000000174a2000):  JavaThread "JDWP Transport Listener: dt_socket" daemon [_thread_in_vm, id=2136, stack(0x0000000018de0000,0x0000000018ee0000)]

siginfo: ExceptionCode=0xc0000005, reading address 0xffffffffffffffff

Registers:
RAX=0x0000000018edf801, RBX=0x00000000174a2000, RCX=0x61696669646f6d6e, RDX=0x0000000000000000
RSP=0x0000000018edf7d0, RBP=0x61696669646f6d6e, RSI=0x0000000018edf8e8, RDI=0x000000000283a4a0
R8 =0x00000000174a2000, R9 =0x0000000000000000, R10=0x0000000000000000, R11=0x0000000000000064
R12=0x0000000000000000, R13=0x000000001749f688, R14=0x0000000000000000, R15=0x0000000000000000
RIP=0x0000000060538845, EFLAGS=0x0000000000010202

Top of Stack: (sp=0x0000000018edf7d0)
0x0000000018edf7d0:   00000000174a2000 00000000174a2000
0x0000000018edf7e0:   0000000018edf898 000000006073e18b
0x0000000018edf7f0:   00000000174a2000 000000006075a9ed
0x0000000018edf800:   0000000000000000 000000005f409155
0x0000000018edf810:   00000000188c9110 000000005f41291e
0x0000000018edf820:   00000000174a2000 0000000000000000
0x0000000018edf830:   0000000000000000 0000000000000000
0x0000000018edf840:   61696669646f6d6e 000000005f411a15
0x0000000018edf850:   0000000018edf8e8 0000000018edf8c0
0x0000000018edf860:   0000000000000001 00000000188c9110
0x0000000018edf870:   61696669646f6d6e 000000005f3f53b3
0x0000000018edf880:   0000000018edf9b0 0000000000000001
0x0000000018edf890:   0000000000000001 00000000188c9110
0x0000000018edf8a0:   0000000000000001 0000000000000000
0x0000000018edf8b0:   0000000000000000 0000000000000000
0x0000000018edf8c0:   0000000000000001 000000005f3f5571 

Instructions: (pc=0x0000000060538845)
0x0000000060538825:   cc cc cc cc cc cc cc cc cc cc cc 48 83 ec 28 48
0x0000000060538835:   85 c9 75 07 33 c0 48 83 c4 28 c3 48 89 5c 24 20
0x0000000060538845:   48 8b 19 48 85 db 74 20 48 83 fb 37 74 1a 48 8b
0x0000000060538855:   13 48 8b cb ff 52 10 84 c0 74 0d 48 8b c3 48 8b 


Register to memory mapping:

RAX=0x0000000018edf801 is pointing into the stack for thread: 0x00000000174a2000
RBX=0x00000000174a2000 is a thread
RCX=0x61696669646f6d6e is an unknown value
RDX=0x0000000000000000 is an unknown value
RSP=0x0000000018edf7d0 is pointing into the stack for thread: 0x00000000174a2000
RBP=0x61696669646f6d6e is an unknown value
RSI=0x0000000018edf8e8 is pointing into the stack for thread: 0x00000000174a2000
RDI=0x000000000283a4a0 is an unknown value
R8 =0x00000000174a2000 is a thread
R9 =0x0000000000000000 is an unknown value
R10=0x0000000000000000 is an unknown value
R11=0x0000000000000064 is an unknown value
R12=0x0000000000000000 is an unknown value
R13=0x000000001749f688 is an unknown value
R14=0x0000000000000000 is an unknown value
R15=0x0000000000000000 is an unknown value


Stack: [0x0000000018de0000,0x0000000018ee0000],  sp=0x0000000018edf7d0,  free space=1021k
Native frames: (J=compiled Java code, j=interpreted, Vv=VM code, C=native code)
V  [jvm.dll+0x128845]
V  [jvm.dll+0x34a9ed]
C  [jdwp.dll+0x21a15]
C  [jdwp.dll+0x53b3]
C  [jdwp.dll+0x5571]
C  [jdwp.dll+0xf0a8]
C  [jdwp.dll+0x1f2d5]
C  [jdwp.dll+0x1f4aa]
V  [jvm.dll+0x1bb8e8]
V  [jvm.dll+0x243134]
V  [jvm.dll+0x299f6a]
C  [msvcr100.dll+0x21d9f]
C  [msvcr100.dll+0x21e3b]
C  [KERNEL32.DLL+0x8364]
C  [ntdll.dll+0x65e91]


---------------  P R O C E S S  ---------------

Java Threads: ( => current thread )
  0x00000000174de800 JavaThread "Service Thread" daemon [_thread_blocked, id=11952, stack(0x00000000193e0000,0x00000000194e0000)]
  0x00000000174ce800 JavaThread "C1 CompilerThread2" daemon [_thread_blocked, id=12284, stack(0x00000000192e0000,0x00000000193e0000)]
  0x00000000174c5800 JavaThread "C2 CompilerThread1" daemon [_thread_blocked, id=5252, stack(0x00000000191e0000,0x00000000192e0000)]
  0x00000000174be800 JavaThread "C2 CompilerThread0" daemon [_thread_blocked, id=8752, stack(0x00000000190e0000,0x00000000191e0000)]
  0x00000000174b4000 JavaThread "JDWP Command Reader" daemon [_thread_in_native, id=10896, stack(0x0000000018fe0000,0x00000000190e0000)]
  0x00000000174b1800 JavaThread "JDWP Event Helper Thread" daemon [_thread_blocked, id=1708, stack(0x0000000018ee0000,0x0000000018fe0000)]
=>0x00000000174a2000 JavaThread "JDWP Transport Listener: dt_socket" daemon [_thread_in_vm, id=2136, stack(0x0000000018de0000,0x0000000018ee0000)]
  0x0000000018823000 JavaThread "Attach Listener" daemon [_thread_blocked, id=12012, stack(0x0000000018ce0000,0x0000000018de0000)]
  0x0000000018822800 JavaThread "Signal Dispatcher" daemon [_thread_blocked, id=5516, stack(0x0000000018be0000,0x0000000018ce0000)]
  0x0000000017449800 JavaThread "Finalizer" daemon [_thread_blocked, id=652, stack(0x00000000186e0000,0x00000000187e0000)]
  0x0000000017448800 JavaThread "Reference Handler" daemon [_thread_blocked, id=10644, stack(0x00000000185e0000,0x00000000186e0000)]
  0x0000000002842800 JavaThread "main" [_thread_in_native, id=12220, stack(0x0000000002660000,0x0000000002760000)]

Other Threads:
  0x0000000017446800 VMThread [stack: 0x00000000184e0000,0x00000000185e0000] [id=4832]
  0x00000000188cd000 WatcherThread [stack: 0x00000000194e0000,0x00000000195e0000] [id=10652]

VM state:not at safepoint (normal execution)

VM Mutex/Monitor currently owned by a thread: None

Heap:
 PSYoungGen      total 38400K, used 14840K [0x00000000d5e00000, 0x00000000d8880000, 0x0000000100000000)
  eden space 33280K, 44% used [0x00000000d5e00000,0x00000000d6c7e170,0x00000000d7e80000)
  from space 5120K, 0% used [0x00000000d8380000,0x00000000d8380000,0x00000000d8880000)
  to   space 5120K, 0% used [0x00000000d7e80000,0x00000000d7e80000,0x00000000d8380000)
 ParOldGen       total 87552K, used 0K [0x0000000081a00000, 0x0000000086f80000, 0x00000000d5e00000)
  object space 87552K, 0% used [0x0000000081a00000,0x0000000081a00000,0x0000000086f80000)
 Metaspace       used 8182K, capacity 8478K, committed 8704K, reserved 1056768K
  class space    used 913K, capacity 1013K, committed 1024K, reserved 1048576K

Card table byte_map: [0x0000000011d00000,0x0000000012100000] byte_map_base: 0x00000000118f3000

Marking Bits: (ParMarkBitMap*) 0x0000000060c1a5b0
 Begin Bits: [0x00000000127b0000, 0x0000000014748000)
 End Bits:   [0x0000000014748000, 0x00000000166e0000)

Polling page: 0x00000000022f0000

CodeCache: size=245760Kb used=2937Kb max_used=2956Kb free=242822Kb
 bounds [0x0000000002940000, 0x0000000002c30000, 0x0000000011940000]
 total_blobs=1096 nmethods=751 adapters=266
 compilation: enabled

Compilation events (10 events):
Event: 14.202 Thread 0x00000000174ce800  756       3       java.security.CodeSource::getCertificates (98 bytes)
Event: 14.203 Thread 0x00000000174ce800 nmethod 756 0x0000000002c1ff90 code [0x0000000002c201c0, 0x0000000002c20d98]
Event: 14.205 Thread 0x00000000174c5800  757       4       java.io.WinNTFileSystem::isSlash (18 bytes)
Event: 14.206 Thread 0x00000000174c5800 nmethod 757 0x0000000002c23e50 code [0x0000000002c23f80, 0x0000000002c23ff8]
Event: 14.206 Thread 0x00000000174ce800  758       1       org.firebirdsql.gds.impl.wire.ParameterBufferBase$StringArgument::getType (5 bytes)
Event: 14.206 Thread 0x00000000174ce800 nmethod 758 0x0000000002c23b90 code [0x0000000002c23ce0, 0x0000000002c23df0]
Event: 35.288 Thread 0x00000000174c5800  759       4       java.lang.String::getChars (62 bytes)
Event: 35.289 Thread 0x00000000174ce800  760       3       java.nio.ByteBuffer::arrayOffset (35 bytes)
Event: 35.289 Thread 0x00000000174ce800 nmethod 760 0x0000000002c233d0 code [0x0000000002c23560, 0x0000000002c23858]
Event: 35.292 Thread 0x00000000174c5800 nmethod 759 0x0000000002a43390 code [0x0000000002a434e0, 0x0000000002a43718]

GC Heap History (0 events):
No events

Deoptimization events (1 events):
Event: 14.031 Thread 0x0000000002842800 Uncommon trap: reason=unstable_if action=reinterpret pc=0x0000000002b2cdb0 method=java.io.ByteArrayInputStream.read([BII)I @ 63

Internal exceptions (8 events):
Event: 0.030 Thread 0x0000000002842800 Exception <a 'java/lang/NoSuchMethodError': Method sun.misc.Unsafe.defineClass(Ljava/lang/String;[BII)Ljava/lang/Class; name or signature does not match> (0x00000000d5e13020) thrown at [C:\re\workspace\8-2-build-windows-amd64-cygwin\jdk8u60\4407\hotspot\srˆñl~¶†ž?
Event: 0.030 Thread 0x0000000002842800 Exception <a 'java/lang/NoSuchMethodError': Method sun.misc.Unsafe.prefetchRead(Ljava/lang/Object;J)V name or signature does not match> (0x00000000d5e13308) thrown at [C:\re\workspace\8-2-build-windows-amd64-cygwin\jdk8u60\4407\hotspot\src\share\vm\prims\j€ˆ8+P¾À?
Event: 0.131 Thread 0x0000000002842800 Exception <a 'java/security/PrivilegedActionException'> (0x00000000d602ad68) thrown at [C:\re\workspace\8-2-build-windows-amd64-cygwin\jdk8u60\4407\hotspot\src\share\vm\prims\jvm.cpp, line 1386]
Event: 0.131 Thread 0x0000000002842800 Exception <a 'java/security/PrivilegedActionException'> (0x00000000d602b160) thrown at [C:\re\workspace\8-2-build-windows-amd64-cygwin\jdk8u60\4407\hotspot\src\share\vm\prims\jvm.cpp, line 1386]
Event: 0.131 Thread 0x0000000002842800 Exception <a 'java/security/PrivilegedActionException'> (0x00000000d602eef0) thrown at [C:\re\workspace\8-2-build-windows-amd64-cygwin\jdk8u60\4407\hotspot\src\share\vm\prims\jvm.cpp, line 1386]
Event: 0.131 Thread 0x0000000002842800 Exception <a 'java/security/PrivilegedActionException'> (0x00000000d602f2e8) thrown at [C:\re\workspace\8-2-build-windows-amd64-cygwin\jdk8u60\4407\hotspot\src\share\vm\prims\jvm.cpp, line 1386]
Event: 11.531 Thread 0x0000000002842800 Exception <a 'java/lang/NoSuchFieldError': method resolution failed> (0x00000000d61f8ea8) thrown at [C:\re\workspace\8-2-build-windows-amd64-cygwin\jdk8u60\4407\hotspot\src\share\vm\prims\methodHandles.cpp, line 1146]
Event: 11.534 Thread 0x0000000002842800 Exception <a 'java/lang/NoSuchFieldError': method resolution failed> (0x00000000d62062a8) thrown at [C:\re\workspace\8-2-build-windows-amd64-cygwin\jdk8u60\4407\hotspot\src\share\vm\prims\methodHandles.cpp, line 1146]

Events (10 events):
Event: 35.289 Thread 0x00000000174ce800 flushing nmethod 0x0000000002a43290
Event: 35.290 Thread 0x00000000174ce800 flushing nmethod 0x0000000002a585d0
Event: 35.292 Thread 0x00000000174c5800 flushing nmethod 0x0000000002a625d0
Event: 35.292 Thread 0x00000000174c5800 flushing nmethod 0x0000000002a63d10
Event: 35.292 Thread 0x00000000174c5800 flushing nmethod 0x0000000002a64b50
Event: 35.292 Thread 0x00000000174c5800 flushing nmethod 0x0000000002a683d0
Event: 155.666 Executing VM operation: ChangeBreakpoints
Event: 155.666 Executing VM operation: ChangeBreakpoints done
Event: 155.682 Executing VM operation: RedefineClasses
Event: 155.687 Executing VM operation: RedefineClasses done


Dynamic libraries:
0x00007ff7513f0000 - 0x00007ff751427000 	C:\Program Files\Java\jre1.8.0_60\bin\javaw.exe
0x00007ffe1a1f0000 - 0x00007ffe1a3c1000 	C:\WINDOWS\SYSTEM32\ntdll.dll
0x00007ffe194d0000 - 0x00007ffe1957b000 	C:\WINDOWS\System32\KERNEL32.DLL
0x00007ffe17290000 - 0x00007ffe174ad000 	C:\WINDOWS\System32\KERNELBASE.dll
0x00007ffe19ef0000 - 0x00007ffe19f92000 	C:\WINDOWS\System32\ADVAPI32.dll
0x00007ffe1a150000 - 0x00007ffe1a1ee000 	C:\WINDOWS\System32\msvcrt.dll
0x00007ffe19610000 - 0x00007ffe19669000 	C:\WINDOWS\System32\sechost.dll
0x00007ffe193a0000 - 0x00007ffe194c1000 	C:\WINDOWS\System32\RPCRT4.dll
0x00007ffe19b70000 - 0x00007ffe19cd5000 	C:\WINDOWS\System32\USER32.dll
0x00007ffe16a30000 - 0x00007ffe16a4e000 	C:\WINDOWS\System32\win32u.dll
0x00007ffe19b30000 - 0x00007ffe19b64000 	C:\WINDOWS\System32\GDI32.dll
0x00007ffe167f0000 - 0x00007ffe16972000 	C:\WINDOWS\System32\gdi32full.dll
0x00007ffe06aa0000 - 0x00007ffe06d19000 	C:\WINDOWS\WinSxS\amd64_microsoft.windows.common-controls_6595b64144ccf1df_6.0.14393.0_none_2d0f50fcbdb171b8\COMCTL32.dll
0x00007ffe19860000 - 0x00007ffe19b27000 	C:\WINDOWS\System32\combase.dll
0x00007ffe17680000 - 0x00007ffe17775000 	C:\WINDOWS\System32\ucrtbase.dll
0x00007ffe16780000 - 0x00007ffe167ea000 	C:\WINDOWS\System32\bcryptPrimitives.dll
0x00007ffe195e0000 - 0x00007ffe1960e000 	C:\WINDOWS\System32\IMM32.DLL
0x000000005f430000 - 0x000000005f502000 	C:\Program Files\Java\jre1.8.0_60\bin\msvcr100.dll
0x0000000060410000 - 0x0000000060c99000 	C:\Program Files\Java\jre1.8.0_60\bin\server\jvm.dll
0x00007ffe19d40000 - 0x00007ffe19d48000 	C:\WINDOWS\System32\PSAPI.DLL
0x00007ffe0e8d0000 - 0x00007ffe0e8d9000 	C:\WINDOWS\SYSTEM32\WSOCK32.dll
0x00007ffe09cf0000 - 0x00007ffe09cfa000 	C:\WINDOWS\SYSTEM32\VERSION.dll
0x00007ffe14b50000 - 0x00007ffe14b73000 	C:\WINDOWS\SYSTEM32\WINMM.dll
0x00000000022a0000 - 0x00000000022cb000 	C:\WINDOWS\SYSTEM32\WINMMBASE.dll
0x00007ffe17130000 - 0x00007ffe17172000 	C:\WINDOWS\System32\cfgmgr32.dll
0x00007ffe19690000 - 0x00007ffe196fa000 	C:\WINDOWS\System32\WS2_32.dll
0x0000000060400000 - 0x000000006040f000 	C:\Program Files\Java\jre1.8.0_60\bin\verify.dll
0x00000000603d0000 - 0x00000000603f9000 	C:\Program Files\Java\jre1.8.0_60\bin\java.dll
0x000000005f3f0000 - 0x000000005f425000 	C:\Program Files\Java\jre1.8.0_60\bin\jdwp.dll
0x000000005f3e0000 - 0x000000005f3e8000 	C:\Program Files\Java\jre1.8.0_60\bin\npt.dll
0x00000000603b0000 - 0x00000000603c6000 	C:\Program Files\Java\jre1.8.0_60\bin\zip.dll
0x00007ffe17a00000 - 0x00007ffe18f08000 	C:\WINDOWS\System32\SHELL32.dll
0x00007ffe16a50000 - 0x00007ffe1712a000 	C:\WINDOWS\System32\windows.storage.dll
0x00007ffe16710000 - 0x00007ffe1675c000 	C:\WINDOWS\System32\powrprof.dll
0x00007ffe19340000 - 0x00007ffe19392000 	C:\WINDOWS\System32\shlwapi.dll
0x00007ffe16760000 - 0x00007ffe1676f000 	C:\WINDOWS\System32\kernel.appcore.dll
0x00007ffe16980000 - 0x00007ffe16a29000 	C:\WINDOWS\System32\shcore.dll
0x00007ffe166f0000 - 0x00007ffe16704000 	C:\WINDOWS\System32\profapi.dll
0x000000005f3d0000 - 0x000000005f3d9000 	C:\Program Files\Java\jre1.8.0_60\bin\dt_socket.dll
0x00007ffe09b60000 - 0x00007ffe09b76000 	C:\WINDOWS\system32\napinsp.dll
0x00007ffe09cd0000 - 0x00007ffe09cea000 	C:\WINDOWS\system32\pnrpnsp.dll
0x00007ffe148c0000 - 0x00007ffe148d8000 	C:\WINDOWS\system32\NLAapi.dll
0x00007ffe15fc0000 - 0x00007ffe1601c000 	C:\WINDOWS\System32\mswsock.dll
0x00007ffe15d90000 - 0x00007ffe15e30000 	C:\WINDOWS\SYSTEM32\DNSAPI.dll
0x00007ffe19fa0000 - 0x00007ffe19fa8000 	C:\WINDOWS\System32\NSI.dll
0x00007ffe15d50000 - 0x00007ffe15d88000 	C:\WINDOWS\SYSTEM32\IPHLPAPI.DLL
0x00007ffe09d00000 - 0x00007ffe09d0e000 	C:\WINDOWS\System32\winrnr.dll
0x00007ffe12050000 - 0x00007ffe120ba000 	C:\WINDOWS\System32\fwpuclnt.dll
0x00007ffe16630000 - 0x00007ffe1665b000 	C:\WINDOWS\SYSTEM32\bcrypt.dll
0x00007ffe100d0000 - 0x00007ffe100da000 	C:\Windows\System32\rasadhlp.dll
0x0000000060390000 - 0x00000000603aa000 	C:\Program Files\Java\jre1.8.0_60\bin\net.dll
0x0000000060370000 - 0x0000000060381000 	C:\Program Files\Java\jre1.8.0_60\bin\nio.dll
0x00007ffe0a3e0000 - 0x00007ffe0a572000 	C:\WINDOWS\SYSTEM32\dbghelp.dll

VM Arguments:
jvm_args: -agentlib:jdwp=transport=dt_socket,suspend=y,address=localhost:54410 -Dfile.encoding=MS949 
java_command: com.coretree.core.RTPRecordService -bo big
java_class_path (initial): D:\dev\workspace\project_eit4\CoreLibraries\target\classes;C:\Users\coretree11\.m2\repository\org\firebirdsql\jdbc\jaybird-jdk18\2.2.10\jaybird-jdk18-2.2.10.jar;C:\Users\coretree11\.m2\repository\javax\resource\connector-api\1.5\connector-api-1.5.jar;C:\Users\coretree11\.m2\repository\org\antlr\antlr-runtime\3.4\antlr-runtime-3.4.jar;C:\Users\coretree11\.m2\repository\org\antlr\stringtemplate\3.2.1\stringtemplate-3.2.1.jar;C:\Users\coretree11\.m2\repository\antlr\antlr\2.7.7\antlr-2.7.7.jar;C:\Users\coretree11\.m2\repository\com\googlecode\soundlibs\tritonus-share\0.3.7-2\tritonus-share-0.3.7-2.jar;C:\Users\coretree11\.m2\repository\urbanophile\java-getopt\1.0.9\java-getopt-1.0.9.jar;C:\Users\coretree11\.m2\repository\org\apache\logging\log4j\log4j-core\2.5\log4j-core-2.5.jar;C:\Users\coretree11\.m2\repository\org\apache\logging\log4j\log4j-api\2.5\log4j-api-2.5.jar
Launcher Type: SUN_STANDARD

Environment Variables:
JAVA_HOME=C:\Program Files\Java\jdk1.8.0_60
JRE_HOME=C:\Program Files\Java\jre1.8.0_60
CLASSPATH=.;C:\Program Files\Java\jdk1.8.0_60\lib
PATH=C:/Program Files/Java/jre1.8.0_60/bin/server;C:/Program Files/Java/jre1.8.0_60/bin;C:/Program Files/Java/jre1.8.0_60/lib/amd64;C:\ProgramData\Oracle\Java\javapath;C:\WINDOWS\system32;C:\WINDOWS;C:\WINDOWS\System32\Wbem;C:\WINDOWS\System32\WindowsPowerShell\v1.0\;D:\dev\DevTools\apache-maven-3.3.9\bin;C:\Program Files\Java\jdk1.8.0_60\bin;C:\Program Files (x86)\Skype\Phone\;C:\Miniconda2;C:\Miniconda2\Scripts;C:\Miniconda2\Library\bin;C:\Program Files (x86)\Windows Kits\8.1\Windows Performance Toolkit\;C:\Program Files\Microsoft SQL Server\110\Tools\Binn\;C:\Program Files (x86)\Microsoft SDKs\TypeScript\1.0\;C:\Program Files\Microsoft SQL Server\120\Tools\Binn\;C:\Program Files\Bandizip\7z;C:\Users\coretree11\AppData\Local\Microsoft\WindowsApps;;D:\dev\DevTools\spring-tool-suite-3.8.0.RELEASE-e4.6-win32-x86_64\sts-bundle\sts-3.8.0.RELEASE;
USERNAME=coretree11
OS=Windows_NT
PROCESSOR_IDENTIFIER=Intel64 Family 6 Model 60 Stepping 3, GenuineIntel



---------------  S Y S T E M  ---------------

OS: Windows 10.0 , 64 bit Build 14393 (10.0.14393.0)

CPU:total 4 (4 cores per cpu, 1 threads per core) family 6 model 60 stepping 3, cmov, cx8, fxsr, mmx, sse, sse2, sse3, ssse3, sse4.1, sse4.2, popcnt, avx, avx2, aes, clmul, erms, lzcnt, tsc, tscinvbit, bmi1, bmi2

Memory: 4k page, physical 8277060k(4222408k free), swap 9587780k(4517484k free)

vm_info: Java HotSpot(TM) 64-Bit Server VM (25.60-b23) for windows-amd64 JRE (1.8.0_60-b27), built on Aug  4 2015 11:06:27 by "java_re" with MS VC++ 10.0 (VS2010)

time: Fri Aug 19 17:44:30 2016
elapsed time: 155 seconds (0d 0h 2m 35s)

